(
((ABONE LER))
((ABONELİK LER İ)(ABONELİK L ERİ))
((ABONELİK LERİ))
((ABONELİK LER İ)(ABONELİK L ERİ))
((ABONE YE))
((ACELE YE))
((ACI MIZ))
((ACI N))
((ADALET İN))
((ADALET İN))
((ADELE LER))
((ADIM LAR IN DA)(ADIM LA R INDA)(ADIM L A RINDA)(ADIM LA RIND A)(ADIM L ARIND A))
((ADIM LARIN DA)(ADIM LAR INDA)(ADIM LA RINDA)(ADIM L ARINDA)(ADIM LARIND A))
((ADIM LAR IN DA)(ADIM LA R INDA)(ADIM L A RINDA)(ADIM LA RIND A)(ADIM L ARIND A))
((ADI YSA))
((AD LAR DA)(AD L ARDA))
((ADLİYE Yİ))
((AHLAK IMIZ A)(AHLAK IMI ZA)(AHLAK IM IZA))
((AKLA MIŞ))
((AKL INIZ))
((AKREP LER İ)(AKREP L ERİ))
((AKREP LER İ)(AKREP L ERİ))
((AKROBAT LAR))
((AKSI YOR))
((ALET İN E))
((ALET İN E))
((ALGILAN M IYOR)(ALGILAN MIYO R)(ALGILAN MIY OR))
((ALIM I YLA))
((ALIŞTIR DI M))
((ALIŞTIRMA LAR A)(ALIŞTIRMA L ARA))
((AL MAYA LI M)(AL M A YALIM)(AL MAYA L IM)(AL MA Y ALIM)(AL M AY ALIM))
((AMBALAJ IN))
((AMBALAJ IN))
((AMBARGO YA))
((AMELİYAT TA))
((ANADOLU SU))
((ANKET TEN))
((ANLATIM DA))
((ANLATI M DA))
((ANNE LER İYLE)(ANNE LERİ YLE)(ANNE LE RİYLE)(ANNE LERİY LE)(ANNE L ERİYLE))
((ANNE LER İ YLE)(ANNE L E RİYLE)(ANNE L ERİY LE))
((ANNESİ DİR))
((APOLET LER İ)(APOLET L ERİ))
((APOLET LERİ))
((APOLET LER İ)(APOLET L ERİ))
((ARA R IM)(ARA RI M))
((ARAŞTIRMA LAR IMIZ)(ARAŞTIRMA LA RIMIZ)(ARAŞTIRMA L ARIMIZ))
((ART MA MIŞ)(ART MAMI Ş)(ART M AMIŞ))
((ARTTIR M IYOR)(ARTTIR MIYO R)(ARTTIR MIY OR))
((ARZU M))
((ARZU NUZU N)(ARZU NU ZUN)(ARZU N UZUN))
((ARŞİVLENME SİN İ)(ARŞİVLENME S İNİ))
((ASBAŞKAN I))
((ASBAŞKAN I))
((ASKERIYE DE))
((AST LAR A)(AST L ARA))
((AST LAR IN)(AST LA RIN)(AST L ARIN))
((AST LAR IN)(AST LA RIN)(AST L ARIN))
((AST LAR IN I)(AST LA R INI)(AST L A RINI))
((AST LARIN I)(AST LAR INI)(AST LA RINI)(AST L ARINI))
((AST LAR IN I)(AST LA R INI)(AST L A RINI))
((ASİT LER DEN)(ASİT LE RDEN)(ASİT L ERDEN))
((AT ACAK TI)(AT A CAKTI)(AT AC AKTI))
((ATARDAMAR I))
((ATARDAMAR I))
((ATARDAMAR IN))
((ATARDAMAR IN))
((ATIL DI NIZ)(ATIL D INIZ)(ATIL DINI Z))
((ATSIN LAR))
((ATSIN LAR))
((AYET TE))
((AYIR I R SAK)(AYIR IR S AK)(AYIR I RS AK))
((AYNA LAR DAN)(AYNA LA RDAN)(AYNA L ARDAN))
((AYRIMCILIĞI N))
((AYRIMCILIĞI N))
((AZAL ACAK))
((AZM İ YLE))
((AÇIKLA DI NIZ)(AÇIKLA D INIZ)(AÇIKLA DINI Z))
((AÇIKLAMA LARI DIR)(AÇIKLAMA LAR IDIR)(AÇIKLAMA LA RIDIR)(AÇIKLAMA L ARIDIR))
((AÇIKLAMA SIN A)(AÇIKLAMA S INA))
((AÇIKLANABİL MİŞ))
((AÇILIM LAR IN DAN)(AÇILIM LAR I NDAN)(AÇILIM LA R INDAN)(AÇILIM LARIN D AN)(AÇILIM L A RINDAN))
((AÇILIM LARIN DAN)(AÇILIM LAR INDAN)(AÇILIM LA RINDAN)(AÇILIM LARIND AN)(AÇILIM L ARINDAN))
((AÇILIM LAR IN DAN)(AÇILIM LAR I NDAN)(AÇILIM LA R INDAN)(AÇILIM LARIN D AN)(AÇILIM L A RINDAN))
((AÇMA SIN A)(AÇMA S INA))
((AĞAÇLANDIRILMA SI))
((AŞI LAR IN DA)(AŞI LA R INDA)(AŞI L A RINDA)(AŞI LA RIND A)(AŞI L ARIND A))
((AŞI LARIN DA)(AŞI LAR INDA)(AŞI LA RINDA)(AŞI L ARINDA)(AŞI LARIND A))
((AŞI LAR IN DA)(AŞI LA R INDA)(AŞI L A RINDA)(AŞI LA RIND A)(AŞI L ARIND A))
((AŞI SIN A)(AŞI S INA))
((AŞI YI))
((AŞK IM))
((AŞK IN DIR)(AŞK IND IR))
((AĞ LAR IN DA)(AĞ LA R INDA)(AĞ L A RINDA)(AĞ LA RIND A)(AĞ L ARIND A))
((AĞ LARIN DA)(AĞ LAR INDA)(AĞ LA RINDA)(AĞ L ARINDA)(AĞ LARIND A))
((AĞ LAR IN DA)(AĞ LA R INDA)(AĞ L A RINDA)(AĞ LA RIND A)(AĞ L ARIND A))
((AĞLA R LAR)(AĞLA RL AR))
((AĞLA R MIŞ)(AĞLA RM IŞ))
((AĞRI LAR A)(AĞRI L ARA))
((BABA YLA))
((BAGAJ LAR IN DA)(BAGAJ LA R INDA)(BAGAJ L A RINDA)(BAGAJ LA RIND A)(BAGAJ L ARIND A))
((BAGAJ LARIN DA)(BAGAJ LAR INDA)(BAGAJ LA RINDA)(BAGAJ L ARINDA)(BAGAJ LARIND A))
((BAGAJ LAR IN DA)(BAGAJ LA R INDA)(BAGAJ L A RINDA)(BAGAJ LA RIND A)(BAGAJ L ARIND A))
((BAKAN LAR A)(BAKAN L ARA))
((BAKAN LARI M)(BAKAN LAR IM)(BAKAN LA RIM)(BAKAN L ARIM))
((BAKANLIK LAR IN)(BAKANLIK LA RIN)(BAKANLIK L ARIN))
((BAKANLIK LAR IN)(BAKANLIK LA RIN)(BAKANLIK L ARIN))
((BAKANLIĞ IN))
((BAKANLIĞ IN))
((BALET İ))
((BALET İ))
((BALKON LAR DA)(BALKON L ARDA))
((BALKON UN DAN)(BALKON UND AN))
((BALKON UN DAN)(BALKON UND AN))
((BALÇIK LA))
((BANKA LAR DAN)(BANKA LA RDAN)(BANKA L ARDAN))
((BAR A))
((BARAJ LAR))
((BASTIR MA))
((BAŞAR ALI M)(BAŞAR AL IM))
((BAŞBAKAN IN IN)(BAŞBAKAN I NIN))
((BAŞBAKAN IN IN)(BAŞBAKAN I NIN))
((BAŞBAKAN I YDI))
((BAĞIMSIZLIĞ IN DAN)(BAĞIMSIZLIĞ IND AN))
((BAĞIMSIZLIĞ IN DAN)(BAĞIMSIZLIĞ IND AN))
((BAŞLANILMA SI))
((BAĞLAN IYOR UZ)(BAĞLAN I YORUZ)(BAĞLAN IYO RUZ)(BAĞLAN IY ORUZ))
((BAĞLANTI SIN DA)(BAĞLANTI S INDA))
((BAŞPARMAĞ IN))
((BAŞPARMAĞ IN))
((BAŞVURUN UZ))
((BAŞVURU NUZ))
((BAŞVURU YU))
((BEKL İYOR LAR MIŞ)(BEKL İ YORLAR MIŞ)(BEKL İ YOR LARMIŞ)(BEKL İYOR L ARMIŞ)(BEKL İ YO RLARMIŞ))
((BESTE Sİ))
((BESTE Yİ))
((BESİN LER DEN)(BESİN LE RDEN)(BESİN L ERDEN))
((BEYAZ IN A))
((BEYAZ IN A))
((BEYAZLIĞ IN A))
((BEYAZLIĞ IN A))
((BEŞ İN))
((BEŞ İN))
((BORU LAR))
((BORU LAR IN I)(BORU LA R INI)(BORU L A RINI))
((BORU LARIN I)(BORU LAR INI)(BORU LA RINI)(BORU L ARINI))
((BORU LAR IN I)(BORU LA R INI)(BORU L A RINI))
((BOYLA DI))
((BOY UNUZ UN)(BOY UNUZU N)(BOY UNU ZUN)(BOY UN UZUN))
((BOZUKLUĞ UN))
((BOZUKLUĞ UN))
((BOĞAZ LAR A)(BOĞAZ L ARA))
((BULDOZER LER LE)(BULDOZER LE RLE)(BULDOZER L ERLE))
((BULGU LAR IYLA)(BULGU LA RIYLA)(BULGU L ARIYLA))
((BULGU LAR I YLA)(BULGU LA R IYLA)(BULGU L A RIYLA)(BULGU L ARIY LA))
((BUL SA NIZ)(BUL SANI Z)(BUL S ANIZ))
((BUL SA NIZ)(BUL SANI Z)(BUL S ANIZ))
((BUL SA YDI M)(BUL SA Y DIM)(BUL S A YDIM)(BUL S AYD IM))
((BULUT LAR IN)(BULUT LA RIN)(BULUT L ARIN))
((BULUT LAR IN)(BULUT LA RIN)(BULUT L ARIN))
((BULUT TAN))
((BUL UYOR MUŞ)(BUL U YORMUŞ)(BUL UYORM UŞ)(BUL UY ORMUŞ))
((BULUŞ UN A))
((BULUŞ UN A))
((BURA LAR IN I)(BURA LA R INI)(BURA L A RINI))
((BURA LARIN I)(BURA LAR INI)(BURA LA RINI)(BURA L ARINI))
((BURA LAR IN I)(BURA LA R INI)(BURA L A RINI))
((BURASI YDI))
((BURS UN))
((BURS UN))
((BUĞU N UN))
((BÖLÜM LER İ)(BÖLÜM L ERİ))
((BÖLÜM LERİ))
((BÖLÜM LER İ)(BÖLÜM L ERİ))
((BÜRO MUZ))
((BÜYÜ MEL İDİR)(BÜYÜ MELİD İR)(BÜYÜ M ELİDİR))
((BİLDİRGE LER LE)(BİLDİRGE LE RLE)(BİLDİRGE L ERLE))
((BİLDİRGE Sİ YLE)(BİLDİRGE S İYLE))
((BİLET LE))
((BİLGİLENDİR İR))
((BİL MİŞ LER)(BİL M İŞLER)(BİL Mİ ŞLER))
((BİLİMSELLİĞ E))
((BİLİMSELLİĞ İ))
((BİLİMSELLİĞ İ))
((BİREY LER İ)(BİREY L ERİ))
((BİREY LERİ))
((BİREY LER İ)(BİREY L ERİ))
((BİR LER İN E)(BİR LE R İNE)(BİR L E RİNE))
((BİR LERİN E)(BİR LER İNE)(BİR LERİ NE)(BİR LE RİNE)(BİR L ERİNE))
((BİR LER İN E)(BİR LE R İNE)(BİR L E RİNE))
((BİRLEŞ MELİ))
((BİRLEŞTİRİL Dİ))
((BİRLİK LER İ)(BİRLİK L ERİ))
((BİRLİK LERİ))
((BİRLİK LER İ)(BİRLİK L ERİ))
((BİRLİK LER İN DE)(BİRLİK LE R İNDE)(BİRLİK L E RİNDE)(BİRLİK LE RİND E)(BİRLİK L ERİND E))
((BİRLİK LERİN DE)(BİRLİK LER İNDE)(BİRLİK LE RİNDE)(BİRLİK LERİND E)(BİRLİK L ERİNDE))
((BİRLİK LER İN DE)(BİRLİK LE R İNDE)(BİRLİK L E RİNDE)(BİRLİK LE RİND E)(BİRLİK L ERİND E))
((BİTİR M İŞ TİK)(BİTİR M İŞTİ K)(BİTİR M İ ŞTİK)(BİTİR Mİ ŞT İK)(BİTİR M İŞT İK))
((CENAZE SİN E)(CENAZE S İNE))
((CENAZE SİN İ)(CENAZE S İNİ))
((CERRAH LAR A)(CERRAH L ARA))
((CEVAB IN DA)(CEVAB IND A))
((CEVAB IN DA)(CEVAB IND A))
((CEZALANDIRIL MA Z))
((CUMBALA R))
((CUMBA LAR))
((CÜMLE Sİ DİR)(CÜMLE S İDİR)(CÜMLE SİD İR))
((CİP E))
((DAL LAR IN DAN)(DAL LAR I NDAN)(DAL LA R INDAN)(DAL LARIN D AN)(DAL L A RINDAN))
((DAL LARIN DAN)(DAL LAR INDAN)(DAL LA RINDAN)(DAL LARIND AN)(DAL L ARINDAN))
((DAL LAR IN DAN)(DAL LAR I NDAN)(DAL LA R INDAN)(DAL LARIN D AN)(DAL L A RINDAN))
((DAMAD I YLA))
((DARBE SİN İ)(DARBE S İNİ))
((DAVETLİ LER CE)(DAVETLİ L ERCE))
((DAİRE DE))
((DEDİK ÇE))
((DEJENERASYON UN))
((DEJENERASYON UN))
((DEKAR DIR))
((DELEGE SİN İ)(DELEGE S İNİ))
((DE MEZ M İŞ)(DE ME Z MİŞ)(DE ME ZM İŞ)(DE M EZM İŞ)(DE M E ZMİŞ))
((DEMOKRASİ LER İ)(DEMOKRASİ L ERİ))
((DEMOKRASİ LERİ))
((DEMOKRASİ LER İ)(DEMOKRASİ L ERİ))
((DENE R İM)(DENE Rİ M))
((DENETİM İ YLE))
((DENGESİZLİK LER))
((DEPOLAN MA Z))
((DEPREM LER İ)(DEPREM L ERİ))
((DEPREM LERİ))
((DEPREM LER İ)(DEPREM L ERİ))
((DEPREM İN))
((DEPREM İN))
((DEREBEY İ))
((DEREBEY İ))
((DERECE LER İN E)(DERECE LE R İNE)(DERECE L E RİNE))
((DERECE LERİN E)(DERECE LER İNE)(DERECE LERİ NE)(DERECE LE RİNE)(DERECE L ERİNE))
((DERECE LER İN E)(DERECE LE R İNE)(DERECE L E RİNE))
((DERGAH I))
((DERGAH I))
((DERGAH LAR))
((DERGAH LAR I)(DERGAH L ARI))
((DERGAH LARI))
((DERGAH LAR I)(DERGAH L ARI))
((DERNEKLEŞ ME))
((DERNEĞ İN E))
((DERNEĞ İN E))
((DERS LER LE)(DERS LE RLE)(DERS L ERLE))
((DESTEKLE MİŞ LER)(DESTEKLE M İŞLER)(DESTEKLE Mİ ŞLER))
((DEVLETLİ M))
((DEVRE LER İN DE)(DEVRE LE R İNDE)(DEVRE L E RİNDE)(DEVRE LE RİND E)(DEVRE L ERİND E))
((DEVRE LERİN DE)(DEVRE LER İNDE)(DEVRE LE RİNDE)(DEVRE LERİND E)(DEVRE L ERİNDE))
((DEVRE LER İN DE)(DEVRE LE R İNDE)(DEVRE L E RİNDE)(DEVRE LE RİND E)(DEVRE L ERİND E))
((DEVRE LER İN E)(DEVRE LE R İNE)(DEVRE L E RİNE))
((DEVRE LERİN E)(DEVRE LER İNE)(DEVRE LERİ NE)(DEVRE LE RİNE)(DEVRE L ERİNE))
((DEVRE LER İN E)(DEVRE LE R İNE)(DEVRE L E RİNE))
((DEĞERLENDİRME MİZ İN)(DEĞERLENDİRME Mİ ZİN)(DEĞERLENDİRME M İZİN))
((DEĞERLENDİRİLEBİL İR Dİ)(DEĞERLENDİRİLEBİL İ RDİ))
((DEĞERLENDİRİL İR LER)(DEĞERLENDİRİL İ RLER)(DEĞERLENDİRİL İRL ER))
((DEĞİŞ ME MELİ)(DEĞİŞ MEM ELİ)(DEĞİŞ MEMEL İ)(DEĞİŞ M EMELİ))
((DIŞINDA YMIŞ))
((DOKTRİN LER))
((DOKÜMAN LA))
((DOLAŞ IYOR SA)(DOLAŞ I YORSA)(DOLAŞ IYO RSA)(DOLAŞ IY ORSA))
((DOLUNAY DA))
((DOLU SUN U)(DOLU S UNU))
((DOLU SUN U)(DOLU S UNU))
((DONANIM INIZ IN)(DONANIM INI ZIN)(DONANIM IN IZIN))
((DOĞ MA Z DI)(DOĞ M A ZDI))
((DOĞRULANDIĞ IN I))
((DOĞRULANDIĞ IN I))
((DRAMA LAR))
((DURAKLA MA))
((DUY MAZ LA R)(DUY MA ZL AR)(DUY M AZL AR)(DUY M A ZLAR))
((DUYU LAR IMIZ IN)(DUYU LAR I MIZIN)(DUYU LA R IMIZIN)(DUYU LAR IMI ZIN)(DUYU LARI MI ZIN))
((DÖK SE))
((DÜDÜĞ ÜN Ü))
((DÜDÜĞ ÜN Ü))
((DÜN LER))
((DÜZENLE MEKTE DİR)(DÜZENLE MEK TEDİR)(DÜZENLE MEKT EDİR)(DÜZENLE ME KTEDİR)(DÜZENLE M EKTEDİR))
((DÜŞ ECEĞİ Z)(DÜŞ ECEĞ İZ)(DÜŞ E CEĞİZ)(DÜŞ EC EĞİZ))
((DÜŞÜNÜR LER İN)(DÜŞÜNÜR LE RİN)(DÜŞÜNÜR L ERİN))
((DÜŞÜNÜR LER İN)(DÜŞÜNÜR LE RİN)(DÜŞÜNÜR L ERİN))
((DÜŞÜN ÜR SÜN)(DÜŞÜN ÜRS ÜN)(DÜŞÜN Ü RSÜN))
((DÜŞÜR ME Dİ)(DÜŞÜR MED İ)(DÜŞÜR M EDİ))
((DİKKAT LER İN İN)(DİKKAT LER İ NİN)(DİKKAT LE R İNİN)(DİKKAT L E RİNİN))
((DİKKAT LER İNİN)(DİKKAT LE RİNİN)(DİKKAT L ERİNİN))
((DİKKAT LER İN İN)(DİKKAT LER İ NİN)(DİKKAT LE R İNİN)(DİKKAT L E RİNİN))
((DİLENCİ LER))
((DİL İYOR))
((DİNLE M İYOR SA)(DİNLE Mİ YO RSA)(DİNLE M İYO RSA)(DİNLE Mİ Y ORSA)(DİNLE M İY ORSA))
((DİNLE YECEK))
((DİNLE YECEĞİ M)(DİNLE Y ECEĞİM)(DİNLE YE CEĞİM))
((DİN İMİZ İN)(DİN İ MİZİN)(DİN İMİ ZİN)(DİN İM İZİN))
((DİREN ECEK LER DİR)(DİREN ECEK LE RDİR)(DİREN ECEK L ERDİR)(DİREN ECE K LERDİR)(DİREN E CE KLERDİR))
((DİRSEĞ E))
((DİRSEĞ İN İ))
((DİRSEĞ İN İ))
((DİRSEĞ İN İN)(DİRSEĞ İ NİN))
((DİRSEĞ İN İN)(DİRSEĞ İ NİN))
((DİZAYN DA))
((DİZAYN IN A))
((DİZAYN IN A))
((DİZAYN IN I))
((DİZAYN IN I))
((EDA SIN DA)(EDA S INDA))
((EDEBİYAT IMIZ))
((EFENDİ LER İN İ)(EFENDİ LE R İNİ)(EFENDİ L E RİNİ))
((EFENDİ LERİN İ)(EFENDİ LER İNİ)(EFENDİ LE RİNİ)(EFENDİ L ERİNİ))
((EFENDİ LER İN İ)(EFENDİ LE R İNİ)(EFENDİ L E RİNİ))
((EFES İ))
((EFES İ))
((EKOL LER E)(EKOL LE RE)(EKOL L ERE))
((ELDİVEN LER LE)(ELDİVEN LE RLE)(ELDİVEN L ERLE))
((ELEŞTİRİ M))
((EMEL LER İYLE)(EMEL LERİ YLE)(EMEL LE RİYLE)(EMEL LERİY LE)(EMEL L ERİYLE))
((EMEL LER İ YLE)(EMEL L E RİYLE)(EMEL L ERİY LE))
((EMEL İMİZ DİR)(EMEL İ MİZDİR)(EMEL İM İZDİR)(EMEL İMİ ZDİR))
((EMSAL LER İ)(EMSAL L ERİ))
((EMSAL LERİ))
((EMSAL LER İ)(EMSAL L ERİ))
((ENGELLE ME Dİ)(ENGELLE MED İ)(ENGELLE M EDİ))
((ENSE SİN DEN)(ENSE Sİ NDEN)(ENSE S İNDEN)(ENSE SİND EN))
((ERKEĞ İ))
((ERKEĞ İ))
((ERKEĞ İN E))
((ERKEĞ İN E))
((ESAS I YLA))
((ESKİ DE))
((ETEĞ İN E))
((ETEĞ İN E))
((ETKEN LER İN)(ETKEN LE RİN)(ETKEN L ERİN))
((ETKEN LER İN)(ETKEN LE RİN)(ETKEN L ERİN))
((ETKİLEN ME YECEK)(ETKİLEN MEY ECEK)(ETKİLEN M EYECEK))
((ETKİLE SE))
((ET MİYOR U M)(ET M İ YORUM)(ET Mİ YO RUM)(ET M İYO RUM)(ET Mİ Y ORUM))
((ETİK LE))
((EYLEM LER İMİZ LE)(EYLEM LERİ MİZ LE)(EYLEM LER İ MİZLE)(EYLEM LE R İMİZLE)(EYLEM L ERİ MİZLE))
((EZEL DE))
((EŞLEŞTİR İR))
((EŞİ M İ))
((EĞİTİM LER İN İ)(EĞİTİM LE R İNİ)(EĞİTİM L E RİNİ))
((EĞİTİM LERİN İ)(EĞİTİM LER İNİ)(EĞİTİM LE RİNİ)(EĞİTİM L ERİNİ))
((EĞİTİM LER İN İ)(EĞİTİM LE R İNİ)(EĞİTİM L E RİNİ))
((FAL I))
((FAL I))
((FARE DE))
((FARE LER DEN)(FARE LE RDEN)(FARE L ERDEN))
((FARKINDA YDI))
((FARKINDA YDI K)(FARKINDA Y DIK)(FARKINDA YD IK))
((FARKLI YIM))
((FATİH TİR))
((FATİH İN))
((FATİH İN))
((FEDAKARLIĞ I))
((FEDAKARLIĞ I))
((FEDAKARLIĞ IN))
((FEDAKARLIĞ IN))
((FEDAKARLIĞ IN I))
((FEDAKARLIĞ IN I))
((FELSEFE SİN E)(FELSEFE S İNE))
((FENER LER İN)(FENER LE RİN)(FENER L ERİN))
((FENER LER İN)(FENER LE RİN)(FENER L ERİN))
((FETİH LER))
((FONKSİYON LAR IN A)(FONKSİYON LA R INA)(FONKSİYON L A RINA))
((FONKSİYON LARIN A)(FONKSİYON LAR INA)(FONKSİYON LA RINA)(FONKSİYON L ARINA))
((FONKSİYON LAR IN A)(FONKSİYON LA R INA)(FONKSİYON L A RINA))
((FORMÜL DEN))
((FRAGMAN LAR IN)(FRAGMAN LA RIN)(FRAGMAN L ARIN))
((FRAGMAN LAR IN)(FRAGMAN LA RIN)(FRAGMAN L ARIN))
((FRAGMAN LAR IN A)(FRAGMAN LA R INA)(FRAGMAN L A RINA))
((FRAGMAN LARIN A)(FRAGMAN LAR INA)(FRAGMAN LA RINA)(FRAGMAN L ARINA))
((FRAGMAN LAR IN A)(FRAGMAN LA R INA)(FRAGMAN L A RINA))
((FREKANS LAR))
((FUKARA SI))
((FÜZE LER İN E)(FÜZE LE R İNE)(FÜZE L E RİNE))
((FÜZE LERİN E)(FÜZE LER İNE)(FÜZE LERİ NE)(FÜZE LE RİNE)(FÜZE L ERİNE))
((FÜZE LER İN E)(FÜZE LE R İNE)(FÜZE L E RİNE))
((FİGÜRAN LAR))
((FİGÜR LER İ)(FİGÜR L ERİ))
((FİGÜR LERİ))
((FİGÜR LER İ)(FİGÜR L ERİ))
((FİKİR LER İNİZ İ)(FİKİR LERİ NİZ İ)(FİKİR LE R İNİZİ)(FİKİR LERİN İ Zİ)(FİKİR LER İNİ Zİ))
((FİLO MUZ))
((FİLİZLENME YE))
((FİNANSMAN DA))
((GALATASARAY I))
((GALATASARAY I))
((GALATASARAYLI YIM))
((GALİBİYET E))
((GAVUR CA))
((GAZETECİ LER E)(GAZETECİ LE RE)(GAZETECİ L ERE))
((GAZETECİ YDİ))
((GAZETE DİR))
((GAZETE LER İN)(GAZETE LE RİN)(GAZETE L ERİN))
((GAZETE LER İN)(GAZETE LE RİN)(GAZETE L ERİN))
((GECE SİN DE)(GECE S İNDE))
((GELENEK TE))
((GELİŞİM LE))
((GENÇ LER İMİZ İN)(GENÇ LERİ MİZ İN)(GENÇ LER İ MİZİN)(GENÇ LE R İMİZİN)(GENÇ L E RİMİZİN))
((GENÇLİK LERİN İ)(GENÇLİK LER İNİ)(GENÇLİK LE RİNİ)(GENÇLİK L ERİNİ))
((GENÇLİK LER İNİN)(GENÇLİK LE RİNİN)(GENÇLİK L ERİNİN))
((GENÇLİĞ İNİZ İ)(GENÇLİĞ İNİ Zİ)(GENÇLİĞ İN İZİ))
((GEREK ME Z))
((GEREK M İYOR)(GEREK MİYO R)(GEREK MİY OR))
((GEREKÇE YLE))
((GERÇEK LER DEN)(GERÇEK LE RDEN)(GERÇEK L ERDEN))
((GERÇEKLEŞME LERİN İ)(GERÇEKLEŞME LER İNİ)(GERÇEKLEŞME LE RİNİ)(GERÇEKLEŞME L ERİNİ))
((GERÇEKLEŞTİR DİK TE N)(GERÇEKLEŞTİR Dİ K TEN)(GERÇEKLEŞTİR D İKT EN)(GERÇEKLEŞTİR D İ KTEN))
((GERÇEKLEŞTİR DİĞİ NİZ)(GERÇEKLEŞTİR DİĞ İNİZ)(GERÇEKLEŞTİR Dİ ĞİNİZ)(GERÇEKLEŞTİR D İĞİNİZ))
((GERÇEKLEŞTİR ECEĞİ NİZ)(GERÇEKLEŞTİR ECEĞ İNİZ)(GERÇEKLEŞTİR E CEĞİNİZ)(GERÇEKLEŞTİR EC EĞİNİZ))
((GERÇEKLEŞTİRMEK LE))
((GERÇEKLEŞTİR ME MİŞ)(GERÇEKLEŞTİR MEMİ Ş)(GERÇEKLEŞTİR M EMİŞ))
((GERÇEKLEŞTİRME SİDİR))
((GERÇEKLEŞTİRİLEBİLECEĞ İN E))
((GERÇEKLEŞTİRİLEBİLECEĞ İN E))
((GERÇEĞ İ YDİ))
((GERÇEĞ İ YDİ))
((GERİLİM DEN))
((GERİLİM İN İN)(GERİLİM İ NİN))
((GERİLİM İN İN)(GERİLİM İ NİN))
((GERİ Sİ))
((GETİR ECEĞİ Z)(GETİR ECEĞ İZ)(GETİR E CEĞİZ)(GETİR EC EĞİZ))
((GETİRİ LER İN İN)(GETİRİ LER İ NİN)(GETİRİ LE R İNİN)(GETİRİ L E RİNİN))
((GETİRİ LER İNİN)(GETİRİ LE RİNİN)(GETİRİ L ERİNİN))
((GETİRİ LER İN İN)(GETİRİ LER İ NİN)(GETİRİ LE R İNİN)(GETİRİ L E RİNİN))
((GEÇEN İ))
((GEÇERLİ DİR))
((GÖKYÜZÜ YLE))
((GÖLGE Yİ))
((GÖL LER İN DE)(GÖL LE R İNDE)(GÖL L E RİNDE)(GÖL LE RİND E)(GÖL L ERİND E))
((GÖL LERİN DE)(GÖL LER İNDE)(GÖL LE RİNDE)(GÖL LERİND E)(GÖL L ERİNDE))
((GÖL LER İN DE)(GÖL LE R İNDE)(GÖL L E RİNDE)(GÖL LE RİND E)(GÖL L ERİND E))
((GÖR DÜ K))
((GÖREVLENDİREBİL İR))
((GÖREVLENDİRİL MİŞ LER DİR)(GÖREVLENDİRİL MİŞ LE RDİR)(GÖREVLENDİRİL M İŞ LERDİR)(GÖREVLENDİRİL M İŞLE RDİR)(GÖREVLENDİRİL MİŞ L ERDİR))
((GÖREVLİ LER E)(GÖREVLİ LE RE)(GÖREVLİ L ERE))
((GÖREV İM İN)(GÖREV İ MİN))
((GÖRGÜ LER İN İ)(GÖRGÜ LE R İNİ)(GÖRGÜ L E RİNİ))
((GÖRGÜ LERİN İ)(GÖRGÜ LER İNİ)(GÖRGÜ LE RİNİ)(GÖRGÜ L ERİNİ))
((GÖRGÜ LER İN İ)(GÖRGÜ LE R İNİ)(GÖRGÜ L E RİNİ))
((GÖR MEYİ N)(GÖR ME YİN)(GÖR MEY İN)(GÖR M EYİN))
((GÖRÜNÜŞ LER DE)(GÖRÜNÜŞ L ERDE))
((GÖRÜS ÜN Ü))
((GÖR ÜYOR))
((GÖR ÜYÜM))
((GÖSTER MEKTE YİZ)(GÖSTER MEKT EYİZ)(GÖSTER ME KTEYİZ)(GÖSTER M EKTEYİZ))
((GÖSTERİM LER İN DE)(GÖSTERİM LE R İNDE)(GÖSTERİM L E RİNDE)(GÖSTERİM LE RİND E)(GÖSTERİM L ERİND E))
((GÖSTERİM LERİN DE)(GÖSTERİM LER İNDE)(GÖSTERİM LE RİNDE)(GÖSTERİM LERİND E)(GÖSTERİM L ERİNDE))
((GÖSTERİM LER İN DE)(GÖSTERİM LE R İNDE)(GÖSTERİM L E RİNDE)(GÖSTERİM LE RİND E)(GÖSTERİM L ERİND E))
((GÖSTERİ Sİ))
((GÖZÜK M E MEKTEDİR)(GÖZÜK ME MEKTE DİR)(GÖZÜK ME MEK TEDİR)(GÖZÜK MEME K TEDİR)(GÖZÜK MEM EK TEDİR))
((GÖZÜK ÜR))
((GÜL ME))
((GÜLÜMS ÜYOR))
((GÜN ÜN Ü))
((GÜN ÜN Ü))
((GÜRÜLTÜ DÜR))
((GÜVENCE Sİ NİN)(GÜVENCE S İNİN))
((GÜÇLENDİRMEK Tİ))
((GÜÇSÜZLÜĞ ÜN))
((GÜÇSÜZLÜĞ ÜN))
((GİRDİ DEN))
((GİR Dİ M))
((GİR ECEK SİN)(GİR E CEKSİN)(GİR EC EKSİN))
((GİRİŞİM İN İN)(GİRİŞİM İ NİN))
((GİRİŞİM İN İN)(GİRİŞİM İ NİN))
((GİY MEYİ N)(GİY ME YİN)(GİY MEY İN)(GİY M EYİN))
((HAFIZA NIZ I)(HAFIZA NI ZI)(HAFIZA N IZI))
((HAFIZA SI NIN)(HAFIZA S ININ))
((HAKSIZLIK TAN))
()
((HAKİMLİĞ İN CE)(HAKİMLİĞ İNC E))
((HALK IMIZ A)(HALK IMI ZA)(HALK IM IZA))
((HAL LER))
((HAL LER İN İ)(HAL LE R İNİ)(HAL L E RİNİ))
((HAL LERİN İ)(HAL LER İNİ)(HAL LE RİNİ)(HAL L ERİNİ))
((HAL LER İN İ)(HAL LE R İNİ)(HAL L E RİNİ))
((HAL İ N DEYDİ K)(HAL İN DE Y DİK)(HAL İ N DEY DİK)(HAL İ N D EYDİK))
((HAL İ N DEYDİ K)(HAL İN DE Y DİK)(HAL İ N DEY DİK)(HAL İ N D EYDİK))
((HASAD IN DAN)(HASAD IND AN))
((HASAD IN DAN)(HASAD IND AN))
((HASAD IN I))
((HASAD IN I))
((HASAR IN DA)(HASAR IND A))
((HASAR IN DA)(HASAR IND A))
((HASIR IN))
((HASIRI N))
((HASRET TEN))
((HASRET İ))
((HASRET İ))
((HASTANE Sİ))
((HATA DIR))
((HATIRA NIN))
((HATIRA N IN))
((HATIRLA MIYOR U M)(HATIRLA M I YORUM)(HATIRLA MI YO RUM)(HATIRLA M IYO RUM)(HATIRLA MI Y ORUM))
((HATIRLI YOR DU)(HATIRLI YO RDU)(HATIRLI Y ORDU))
((HAT LAR IN)(HAT LA RIN)(HAT L ARIN))
((HAT LAR IN)(HAT LA RIN)(HAT L ARIN))
((HAT TIN))
((HAT TIN))
((HATUN U))
((HATUN U))
((HAYALET İN DEN)(HAYALET İND EN))
((HAYALET İN DEN)(HAYALET İND EN))
((HAYAT A))
((HAYDUT LAR IN)(HAYDUT LA RIN)(HAYDUT L ARIN))
((HAYDUT LAR IN)(HAYDUT LA RIN)(HAYDUT L ARIN))
((HAZ ZI))
((HAZ ZI))
((HAZİNE LER İN İ)(HAZİNE LE R İNİ)(HAZİNE L E RİNİ))
((HAZİNE LERİN İ)(HAZİNE LER İNİ)(HAZİNE LE RİNİ)(HAZİNE L ERİNİ))
((HAZİNE LER İN İ)(HAZİNE LE R İNİ)(HAZİNE L E RİNİ))
((HAÇ A))
((HAÇ LAR IN)(HAÇ LA RIN)(HAÇ L ARIN))
((HAÇ LAR IN)(HAÇ LA RIN)(HAÇ L ARIN))
((HAÇLI LAR))
((HEKİM CE))
((HELYUM A))
((HESAPLA MIŞ))
((HEYECAN IM I))
((HIRS LAR))
((HIZLANMA NIN))
((HIZLANMA N IN))
((HIZ LAR IN)(HIZ LA RIN)(HIZ L ARIN))
((HIZ LAR IN)(HIZ LA RIN)(HIZ L ARIN))
((HORTUMLANDIĞ IN I))
((HORTUMLANDIĞ IN I))
((HRİSTİYAN LAR))
((HURİ YE))
((HİNDİSTAN DA))
((HİNDİSTAN DAN))
((HİSSE LER İ)(HİSSE L ERİ))
((HİSSE LERİ))
((HİSSE LER İ)(HİSSE L ERİ))
((HİSSE LER İN İ)(HİSSE LE R İNİ)(HİSSE L E RİNİ))
((HİSSE LERİN İ)(HİSSE LER İNİ)(HİSSE LE RİNİ)(HİSSE L ERİNİ))
((HİSSE LER İN İ)(HİSSE LE R İNİ)(HİSSE L E RİNİ))
((HİSSE LER İYLE)(HİSSE LERİ YLE)(HİSSE LE RİYLE)(HİSSE LERİY LE)(HİSSE L ERİYLE))
((HİSSE LER İ YLE)(HİSSE L E RİYLE)(HİSSE L ERİY LE))
((HİTAM A))
((HİÇLİĞ İN))
((HİÇLİĞ İN))
((ISLANMA NIN))
((ISLANMA N IN))
((KADAR DI))
((KAHRAMAN LAR IMIZ IN)(KAHRAMAN LAR I MIZIN)(KAHRAMAN LA R IMIZIN)(KAHRAMAN LAR IMI ZIN)(KAHRAMAN LARI MI ZIN))
((KALB İM LE)(KALB İML E))
((KALB İMİZ DE)(KALB İ MİZDE)(KALB İMİ ZDE)(KALB İM İZDE))
((KALB İN DEN)(KALB İND EN))
((KALB İN DEN)(KALB İND EN))
((KALEM LER İN İN)(KALEM LER İ NİN)(KALEM LE R İNİN)(KALEM L E RİNİN))
((KALEM LER İNİN)(KALEM LE RİNİN)(KALEM L ERİNİN))
((KALEM LER İN İN)(KALEM LER İ NİN)(KALEM LE R İNİN)(KALEM L E RİNİN))
((KALFA LAR I)(KALFA L ARI))
((KALFA LARI))
((KALFA LARI))
((KALFA LAR I)(KALFA L ARI))
((KALIP LAR I)(KALIP L ARI))
((KALIP LARI))
((KALIP LAR I)(KALIP L ARI))
((KALIP TAN))
((KALİTELİ DİR))
((KAMP IN A))
((KAMP IN A))
((KAMÇI SI DIR)(KAMÇI S IDIR))
((KANAL A))
((KANAL LAR A)(KANAL L ARA))
((KAN MA Z))
((KAPASİTE LER İN İ)(KAPASİTE LE R İNİ)(KAPASİTE L E RİNİ))
((KAPASİTE LERİN İ)(KAPASİTE LER İNİ)(KAPASİTE LE RİNİ)(KAPASİTE L ERİNİ))
((KAPASİTE LER İN İ)(KAPASİTE LE R İNİ)(KAPASİTE L E RİNİ))
((KAPLA MIŞ TI)(KAPLA M IŞTI)(KAPLA MI ŞTI)(KAPLA MIŞT I))
((KARARLILIĞ I))
((KARARLILIĞ I))
((KARDEŞ LER İNİZ LE)(KARDEŞ LERİ NİZ LE)(KARDEŞ L E RİNİZLE)(KARDEŞ LERİN İ ZLE)(KARDEŞ LER İNİ ZLE))
((KARDEŞ İDİR))
((KARI SI NIN)(KARI S ININ))
((KAR SA))
((KARS A))
((KAR SA))
((KART LA))
((KARŞILAŞ IYOR LAR)(KARŞILAŞ I YORLAR)(KARŞILAŞ IYO RLAR)(KARŞILAŞ IY ORLAR))
((KARŞILAŞTIR INIZ))
((KARŞILAŞ TIĞI MIZ I)(KARŞILAŞ TIĞIM I ZI)(KARŞILAŞ TIĞI MI ZI)(KARŞILAŞ TI Ğ IMIZI)(KARŞILAŞ T IĞ IMIZI))
((KARŞIT IN))
((KARŞIT IN))
((KASABA MIZ))
((KASET TEN))
((KATEDRAL DE))
((KATEDRAL İN))
((KATEDRAL İN))
((KATEGORİ LER DEN)(KATEGORİ LE RDEN)(KATEGORİ L ERDEN))
((KATİL İN))
((KATİL İN))
((KATİL İN İ))
((KATİL İN İ))
((KAVUŞ TUK TAN)(KAVUŞ TUKT AN)(KAVUŞ TU KTAN)(KAVUŞ T UKTAN))
((KAY AR LAR)(KAY A RLAR)(KAY ARL AR))
((KAYAR LAR))
((KAYBET Tİ N)(KAYBET T İN))
((KAYISI DA))
((KAZAN IR LAR DI)(KAZAN I RLAR DI)(KAZAN IR LA RDI)(KAZAN I R LARDI)(KAZAN IR L ARDI))
((KAÇIN M A MIŞTIR)(KAÇIN MA MIŞ TIR)(KAÇIN MAMIŞ T IR)(KAÇIN MA M IŞTIR)(KAÇIN MAMI Ş TIR))
((KAÇ MAYI N)(KAÇ MAY IN)(KAÇ M AYIN))
((KAĞAN LAR I)(KAĞAN L ARI))
((KAĞAN LARI))
((KAĞAN LAR I)(KAĞAN L ARI))
((KAŞIK TA))
((KAŞIĞ A))
((KEHANET İN))
((KEHANET İN))
((KEHANET İN İ))
((KEHANET İN İ))
((KELİME LER İYLE)(KELİME LERİ YLE)(KELİME LE RİYLE)(KELİME LERİY LE)(KELİME L ERİYLE))
((KELİME LER İ YLE)(KELİME L E RİYLE)(KELİME L ERİY LE))
((KEMOTERAPİ YE))
((KEMİK LER E)(KEMİK LE RE)(KEMİK L ERE))
((KES MESİ N)(KES ME SİN)(KES MES İN))
((KESİNTİ LER DEN)(KESİNTİ LE RDEN)(KESİNTİ L ERDEN))
((KEŞF İN İN)(KEŞF İ NİN))
((KEŞF İN İN)(KEŞF İ NİN))
((KIL A RIZ)(KIL ARI Z))
((KIL MA DI)(KIL MAD I)(KIL M ADI))
((KIRMIZI YA))
((KISMET E))
((KIVRIM DA))
((KIVRIM LAR IN I)(KIVRIM LA R INI)(KIVRIM L A RINI))
((KIVRIM LARIN I)(KIVRIM LAR INI)(KIVRIM LA RINI)(KIVRIM L ARINI))
((KIVRIM LAR IN I)(KIVRIM LA R INI)(KIVRIM L A RINI))
((KIYIM IN I))
((KIYIM IN I))
((KOMPOZISYON LAR IN DA)(KOMPOZISYON LA R INDA)(KOMPOZISYON L A RINDA)(KOMPOZISYON LA RIND A)(KOMPOZISYON L ARIND A))
((KOMPOZİSYON LARIN DA)(KOMPOZİSYON LAR INDA)(KOMPOZİSYON LA RINDA)(KOMPOZİSYON L ARINDA)(KOMPOZİSYON LARIND A))
((KOMPOZİSYON LAR IN DA)(KOMPOZİSYON LA R INDA)(KOMPOZİSYON L A RINDA)(KOMPOZİSYON LA RIND A)(KOMPOZİSYON L ARIND A))
((KOMPOZİSYON U))
((KOMPOZİSYON U))
((KOMİTE CE))
((KOMİTE DİR))
((KOMŞU NUZ U)(KOMŞU NU ZU)(KOMŞU N UZU))
((KON MUŞTU R)(KON MUŞ TUR)(KON M UŞTUR)(KON MU ŞTUR))
((KONSEPT İ))
((KONSEPT İ))
((KONSEY İN İN)(KONSEY İ NİN))
((KONSEY İN İN)(KONSEY İ NİN))
((KONTEYNER E))
((KONTROLÖRLÜĞ Ü))
((KONTROLÖRLÜĞ Ü))
((KONUMLAN MIŞ))
((KONUT TUR))
((KONUŞ T UNUZ)(KONUŞ TUNU Z))
((KONU SUN DA)(KONU S UNDA))
((KONU SUN DA)(KONU S UNDA))
((KONVOY LAR LA)(KONVOY LA RLA)(KONVOY L ARLA))
((KOPYA LAR I)(KOPYA L ARI))
((KOPYA LARI))
((KOPYA LAR I)(KOPYA L ARI))
((KORK MAKTA DIR)(KORK MAK TADIR)(KORK MAKT ADIR)(KORK MA KTADIR)(KORK M AKTADIR))
((KORİDOR LAR A)(KORİDOR L ARA))
((KOŞTUR ACAK))
((KREDİ NİZ))
((KREDİ YE))
((KROKİ LER İN İN)(KROKİ LER İ NİN)(KROKİ LE R İNİN)(KROKİ L E RİNİN))
((KROKİ LER İNİN)(KROKİ LE RİNİN)(KROKİ L ERİNİN))
((KROKİ LER İN İN)(KROKİ LER İ NİN)(KROKİ LE R İNİN)(KROKİ L E RİNİN))
((KULLANABİL İYOR DU)(KULLANABİL İ YORDU)(KULLANABİL İYO RDU)(KULLANABİL İY ORDU))
((KULLANIM IN DAN)(KULLANIM IND AN))
((KULLANIM IN DAN)(KULLANIM IND AN))
((KULLAN MAZ LA R)(KULLAN MA ZL AR)(KULLAN M AZL AR)(KULLAN M A ZLAR))
((KULLAN MAZ LA R)(KULLAN MA ZL AR)(KULLAN M AZL AR)(KULLAN M A ZLAR))
((KURBAN IN IN)(KURBAN I NIN))
((KURBAN IN IN)(KURBAN I NIN))
((KURUL DA))
((KURULUŞ UNUZ DA)(KURULUŞ U NUZDA)(KURULUŞ UNU ZDA)(KURULUŞ UN UZDA))
((KUSUR LAR IN)(KUSUR LA RIN)(KUSUR L ARIN))
((KUSUR LAR IN)(KUSUR LA RIN)(KUSUR L ARIN))
((KÖKEN LER İ)(KÖKEN L ERİ))
((KÖKEN LERİ))
((KÖKEN LER İ)(KÖKEN L ERİ))
((KÖLE LER İ)(KÖLE L ERİ))
((KÖLE LERİ))
((KÖLE LER İ)(KÖLE L ERİ))
((KÖPEK LE))
((KÖPEK TEN))
((KÖYLÜ MÜZ E)(KÖYLÜ MÜ ZE)(KÖYLÜ M ÜZE))
((KÜFÜR DÜR))
((KÜLAH IN))
((KÜLAH IN))
((KİRLET Tİ LER)(KİRLET T İLER)(KİRLET TİL ER))
((KİŞİ NİN))
((LAZIM MIŞ))
((LOKMA SI))
((LİF İ))
((LİF İ))
((LİG İN))
((LİG İN))
((MADDE LER DİR)(MADDE LE RDİR)(MADDE L ERDİR))
((MAHAL LER İ)(MAHAL L ERİ))
((MAHAL LERİ))
((MAHAL LER İ)(MAHAL L ERİ))
((MAHİYET İNDE DİR)(MAHİYET İ NDEDİR)(MAHİYET İND EDİR))
((MAHİYET İNDE DİR)(MAHİYET İ NDEDİR)(MAHİYET İND EDİR))
((MAKALE LER E)(MAKALE LE RE)(MAKALE L ERE))
((MANKEN LER DEN)(MANKEN LE RDEN)(MANKEN L ERDEN))
((MANİ DİR))
((MANİ LER İ)(MANİ L ERİ))
((MANİ LER İ)(MANİ L ERİ))
((MARKET LER E)(MARKET LE RE)(MARKET L ERE))
((MARK LAR IN)(MARK LA RIN)(MARK L ARIN))
((MARK LAR IN)(MARK LA RIN)(MARK L ARIN))
((MATEMATİKÇİ DİR))
((MAİL İ))
((MAİL İ))
((MEDENİYET LER İN E)(MEDENİYET LE R İNE)(MEDENİYET L E RİNE))
((MEDENİYET LERİN E)(MEDENİYET LER İNE)(MEDENİYET LERİ NE)(MEDENİYET LE RİNE)(MEDENİYET L ERİNE))
((MEDENİYET LER İN E)(MEDENİYET LE R İNE)(MEDENİYET L E RİNE))
((MEKTUPLAŞMA LAR))
((MELTEM LER İN)(MELTEM LE RİN)(MELTEM L ERİN))
((MELTEM LER İN)(MELTEM LE RİN)(MELTEM L ERİN))
((MELTEM İ))
((MELTEM İ))
((MEMELİ LER))
((MENDİL LE))
((MENÜ LER))
((MERMER İN DEN)(MERMER İND EN))
((MERMER İN DEN)(MERMER İND EN))
((MESLEK LER İN İ)(MESLEK LE R İNİ)(MESLEK L E RİNİ))
((MESLEK LERİN İ)(MESLEK LER İNİ)(MESLEK LE RİNİ)(MESLEK L ERİNİ))
((MESLEK LER İN İ)(MESLEK LE R İNİ)(MESLEK L E RİNİ))
((METEOROLOJİ YE))
((METİN E))
((MEVZİLENME Sİ))
((MEYDAN IN DA)(MEYDAN IND A))
((MEYDAN IN DA)(MEYDAN IND A))
((MEŞGUL SÜNÜZ))
((MODERNLEŞME DEN))
((MODERNLEŞME SİN İ)(MODERNLEŞME S İNİ))
((MODERNLİĞ İN))
((MODERNLİĞ İN))
((MODERN İ))
((MODERN İ))
((MORAL İNİZ İ)(MORAL İNİ Zİ)(MORAL İN İZİ))
((MUAYENE DE))
((MUAYENEHANE YE))
((MUCİZE YDİ))
((MURAD I))
((MURAD I))
((MURAD IN I))
((MURAD IN I))
((MUTFAK LAR))
((MUŞ TA))
((MÜDAHALE LER))
((MÜKELLEF LER İN DEN)(MÜKELLEF LER İ NDEN)(MÜKELLEF LE R İNDEN)(MÜKELLEF LERİN D EN)(MÜKELLEF L E RİNDEN))
((MÜKELLEF LERİN DEN)(MÜKELLEF LER İNDEN)(MÜKELLEF LERİ NDEN)(MÜKELLEF LE RİNDEN)(MÜKELLEF LERİND EN))
((MÜKELLEF LER İN DEN)(MÜKELLEF LER İ NDEN)(MÜKELLEF LE R İNDEN)(MÜKELLEF LERİN D EN)(MÜKELLEF L E RİNDEN))
((MÜKTESEBAT IN I))
((MÜKTESEBAT IN I))
((MÜMİN LER İ)(MÜMİN L ERİ))
((MÜMİN LERİ))
((MÜMİN LER İ)(MÜMİN L ERİ))
((MÜSABAKA LAR DA)(MÜSABAKA L ARDA))
((MÜSLÜMAN LAR IN)(MÜSLÜMAN LA RIN)(MÜSLÜMAN L ARIN))
((MÜSLÜMAN LAR IN)(MÜSLÜMAN LA RIN)(MÜSLÜMAN L ARIN))
((MÜSLÜMANLIK LA))
((MÜSLÜMANLIK TA))
((MÜSLÜMANLIĞ A))
((MÜZİSYEN LER İN DEN)(MÜZİSYEN LER İ NDEN)(MÜZİSYEN LE R İNDEN)(MÜZİSYEN LERİN D EN)(MÜZİSYEN L E RİNDEN))
((MÜZİSYEN LERİN DEN)(MÜZİSYEN LER İNDEN)(MÜZİSYEN LERİ NDEN)(MÜZİSYEN LE RİNDEN)(MÜZİSYEN LERİND EN))
((MÜZİSYEN LER İN DEN)(MÜZİSYEN LER İ NDEN)(MÜZİSYEN LE R İNDEN)(MÜZİSYEN LERİN D EN)(MÜZİSYEN L E RİNDEN))
((MÜZİSYEN LER İYLE)(MÜZİSYEN LERİ YLE)(MÜZİSYEN LE RİYLE)(MÜZİSYEN LERİY LE)(MÜZİSYEN L ERİYLE))
((MÜZİSYEN LER İ YLE)(MÜZİSYEN L E RİYLE)(MÜZİSYEN L ERİY LE))
((MİDYE NİN))
((MİMİK LER İN)(MİMİK LE RİN)(MİMİK L ERİN))
((MİMİK LER İN)(MİMİK LE RİN)(MİMİK L ERİN))
((MİNERAL LER İN)(MİNERAL LE RİN)(MİNERAL L ERİN))
((MİNERAL LER İN)(MİNERAL LE RİN)(MİNERAL L ERİN))
((NAHİYE LER İN DE)(NAHİYE LE R İNDE)(NAHİYE L E RİNDE)(NAHİYE LE RİND E)(NAHİYE L ERİND E))
((NAHİYE LERİN DE)(NAHİYE LER İNDE)(NAHİYE LE RİNDE)(NAHİYE LERİND E)(NAHİYE L ERİNDE))
((NAHİYE LER İN DE)(NAHİYE LE R İNDE)(NAHİYE L E RİNDE)(NAHİYE LE RİND E)(NAHİYE L ERİND E))
((NAM A))
((NAZIR IN IN)(NAZIR I NIN))
((NAZIR IN IN)(NAZIR I NIN))
((NEBZE DE))
((NEDEN LER İN E)(NEDEN LE R İNE)(NEDEN L E RİNE))
((NEDEN LERİN E)(NEDEN LER İNE)(NEDEN LERİ NE)(NEDEN LE RİNE)(NEDEN L ERİNE))
((NEDEN LER İN E)(NEDEN LE R İNE)(NEDEN L E RİNE))
((NEFES İM LE)(NEFES İML E))
((NEFES İN İN)(NEFES İ NİN))
((NEFES İN İN)(NEFES İ NİN))
((NEHR İN E))
((NEHR İN E))
((NEVR İM))
((NİKAH IN IN)(NİKAH I NIN))
((NİKAH IN IN)(NİKAH I NIN))
((NİKAH LAR I)(NİKAH L ARI))
((NİKAH LARI))
((NİKAH LAR I)(NİKAH L ARI))
((OBJE LER LE)(OBJE LE RLE)(OBJE L ERLE))
((OBJE Sİ NİN)(OBJE S İNİN))
((ODA YA))
((OKUYUCU LAR IMIZ)(OKUYUCU LA RIMIZ)(OKUYUCU L ARIMIZ))
((OKŞA SIN))
((OLASILIK LA))
((OLGUNLAŞMA SI NIN)(OLGUNLAŞMA S ININ))
((OLGU SU DUR)(OLGU S UDUR)(OLGU SUD UR))
((OL MAZ LA R DI)(OL M A Z LARDI)(OL M A ZL ARDI))
((OL MUŞ UM DUR)(OL M UŞ UMDUR)(OL M UŞU MDUR)(OL MU ŞU MDUR)(OL MU ŞUM DUR))
((OLUĞ A))
((OLUŞUM LAR))
((ONAY IN A))
((ONAY IN A))
((ORADA DIR))
((ORDU MUZ DAN)(ORDU MUZD AN)(ORDU MU ZDAN)(ORDU M UZDAN))
((ORKESTRA SIN I)(ORKESTRA S INI))
((OTEL LER İN DE)(OTEL LE R İNDE)(OTEL L E RİNDE)(OTEL LE RİND E)(OTEL L ERİND E))
((OTEL LERİN DE)(OTEL LER İNDE)(OTEL LE RİNDE)(OTEL LERİND E)(OTEL L ERİNDE))
((OTEL LER İN DE)(OTEL LE R İNDE)(OTEL L E RİNDE)(OTEL LE RİND E)(OTEL L ERİND E))
((OT LAR LA)(OT LA RLA)(OT L ARLA))
((PAKET E))
((PANTOLON U YLA))
((PARA MIZ A)(PARA MI ZA)(PARA M IZA))
((PARASI DIR))
((PARLAMENTO LAR IN)(PARLAMENTO LA RIN)(PARLAMENTO L ARIN))
((PARLAMENTO LAR IN)(PARLAMENTO LA RIN)(PARLAMENTO L ARIN))
((PARLAMENTO SUN U)(PARLAMENTO S UNU))
((PAROLA LAR I)(PAROLA L ARI))
((PAROLA LARI))
((PAROLA LAR I)(PAROLA L ARI))
((PARTİ SİN DE)(PARTİ S İNDE))
((PARTİ SİN E)(PARTİ S İNE))
((PASTANE LER DE)(PASTANE L ERDE))
((PATLA MIŞ TI)(PATLA M IŞTI)(PATLA MI ŞTI)(PATLA MIŞT I))
((PATLICAN LAR I)(PATLICAN L ARI))
((PATLICAN LARI))
((PATLICAN LARI))
((PATLICAN LAR I)(PATLICAN L ARI))
((PAYE LER))
((PENÇE LER İ)(PENÇE L ERİ))
((PENÇE LERİ))
((PENÇE LER İ)(PENÇE L ERİ))
((PERDE DE))
((PLAKET İN İ))
((PLAKET İN İ))
((POLEMİĞ İN E))
((POLEMİĞ İN E))
((POLİÇE DE))
((POZİSYON U))
((POZİSYON U))
((PRENSES LE))
((PRİM LER İN İ)(PRİM LE R İNİ)(PRİM L E RİNİ))
((PRİM LERİN İ)(PRİM LER İNİ)(PRİM LE RİNİ)(PRİM L ERİNİ))
((PRİM LER İN İ)(PRİM LE R İNİ)(PRİM L E RİNİ))
((PUAN IN DA)(PUAN IND A))
((PUAN IN DA)(PUAN IND A))
((PİSLİĞ İ))
((PİSLİĞ İ))
((PİSLİĞ İN İ))
((PİSLİĞ İN İ))
((PİŞ MİŞ))
((RAKİP LER))
((REDDETME YE))
((REİSLİĞ E))
((ROBOT UN))
((ROBOT UN))
((ROTA LAR I)(ROTA L ARI))
((ROTA LARI))
((ROTA LAR I)(ROTA L ARI))
((RÜYA LAR INIZ)(RÜYA LARI NIZ)(RÜYA LA RINIZ)(RÜYA L ARINIZ))
((RÜYA MIZ))
((SAAT LER İN DEN)(SAAT LER İ NDEN)(SAAT LE R İNDEN)(SAAT LERİN D EN)(SAAT L E RİNDEN))
((SAAT LERİN DEN)(SAAT LER İNDEN)(SAAT LERİ NDEN)(SAAT LE RİNDEN)(SAAT LERİND EN))
((SAAT LER İN DEN)(SAAT LER İ NDEN)(SAAT LE R İNDEN)(SAAT LERİN D EN)(SAAT L E RİNDEN))
((SAAT LERİ YDİ)(SAAT LER İYDİ)(SAAT LE RİYDİ)(SAAT L ERİYDİ))
((SAAT LER İ YDİ)(SAAT LE R İYDİ)(SAAT L ERİ YDİ)(SAAT L ERİY Dİ)(SAAT L E RİYDİ))
((SAHA LAR I)(SAHA L ARI))
((SAHA LARI))
((SAHA LAR I)(SAHA L ARI))
((SAHAN DA))
((SAHANLIĞ IN IN)(SAHANLIĞ I NIN))
((SAHANLIĞ IN IN)(SAHANLIĞ I NIN))
((SAHİL İ))
((SAHİL İ))
((SAKİN IM))
((SAKLI YDI))
((SAKL IYOR UM)(SAKL IYO RUM)(SAKL IY ORUM))
((SAKİN LER İN İ)(SAKİN LE R İNİ)(SAKİN L E RİNİ))
((SAKİN LERİN İ)(SAKİN LER İNİ)(SAKİN LE RİNİ)(SAKİN L ERİNİ))
((SAKİN LER İN İ)(SAKİN LE R İNİ)(SAKİN L E RİNİ))
((SALGIN LAR A)(SALGIN L ARA))
((SANDALYE LER İN İ)(SANDALYE LE R İNİ)(SANDALYE L E RİNİ))
((SANDALYE LERİN İ)(SANDALYE LER İNİ)(SANDALYE LE RİNİ)(SANDALYE L ERİNİ))
((SANDALYE LER İN İ)(SANDALYE LE R İNİ)(SANDALYE L E RİNİ))
((SANRI LAR))
((SANRI LAR))
((SANTRAL LER İN İN)(SANTRAL LER İ NİN)(SANTRAL LE R İNİN)(SANTRAL L E RİNİN))
((SANTRAL LER İNİN)(SANTRAL LE RİNİN)(SANTRAL L ERİNİN))
((SANTRAL LER İN İN)(SANTRAL LER İ NİN)(SANTRAL LE R İNİN)(SANTRAL L E RİNİN))
((SARIMSAĞ IN))
((SARIMSAĞ IN))
((SAR IYOR MUŞ)(SAR I YORMUŞ)(SAR IYORM UŞ)(SAR IY ORMUŞ))
((SAT IYOR UM)(SAT IYO RUM)(SAT IY ORUM))
((SAVAŞ IYOR LAR DI)(SAVAŞ IYOR LA RDI)(SAVAŞ I YOR LARDI)(SAVAŞ IYOR L ARDI)(SAVAŞ I YO RLARDI))
((SAVAŞ MA NIN)(SAVAŞ M ANIN))
((SAVAŞ TA))
((SAVURGANLIĞ IN IN)(SAVURGANLIĞ I NIN))
((SAVURGANLIĞ IN IN)(SAVURGANLIĞ I NIN))
((SAY AR DI)(SAY A RDI))
((SAYGISIZLIĞ I))
((SAYGISIZLIĞ I))
((SAĞIM I))
((SAĞIM I))
((SEBEB İN))
((SEBEB İN))
((SEBZE DE))
((SE DEN))
((SELAMLI YOR LAR DI)(SELAMLI YOR LA RDI)(SELAMLI YOR L ARDI)(SELAMLI Y O RLARDI)(SELAMLI Y ORL ARDI))
((SELİM İ))
((SELİM İ))
((SEMPOZYUM U))
((SEMPOZYUM U))
((SEMT İN İ))
((SEMT İN İ))
((SEN CE))
((SENDROM U))
((SENDROM U))
((SERGİLENME YE))
((SERGİ LER İN E)(SERGİ LE R İNE)(SERGİ L E RİNE))
((SERGİ LERİN E)(SERGİ LER İNE)(SERGİ LERİ NE)(SERGİ LE RİNE)(SERGİ L ERİNE))
((SERGİ LER İN E)(SERGİ LE R İNE)(SERGİ L E RİNE))
((SERGİ MİZ İ)(SERGİ Mİ Zİ)(SERGİ M İZİ))
((SERPİNTİ SİN İ)(SERPİNTİ S İNİ))
((SERİ LER İN İ)(SERİ LE R İNİ)(SERİ L E RİNİ))
((SERİ LERİN İ)(SERİ LER İNİ)(SERİ LE RİNİ)(SERİ L ERİNİ))
((SERİ LER İN İ)(SERİ LE R İNİ)(SERİ L E RİNİ))
((SEYRET M İYOR)(SEYRET MİYO R)(SEYRET MİY OR))
((SEYRET MİŞ TİR)(SEYRET MİŞTİ R)(SEYRET M İŞTİR)(SEYRET Mİ ŞTİR))
((SEYRET Tİ M))
((SEÇMEN LER İ)(SEÇMEN L ERİ))
((SEÇMEN LERİ))
((SEÇMEN LER İ)(SEÇMEN L ERİ))
((SINAV DIR))
((SIRALANMA SIN DA)(SIRALANMA S INDA))
((SIRA LAR IN)(SIRA LA RIN)(SIRA L ARIN))
((SIRA LAR IN)(SIRA LA RIN)(SIRA L ARIN))
((SIYIR MA))
((SOHBET İMİZ İ)(SOHBET İ MİZİ)(SOHBET İMİ Zİ)(SOHBET İM İZİ))
((SOLLA DI K))
((SOLİST LER))
((SOLİST İ N))
((SOLİST İN))
((SOLİST İN))
((SOPA LAR IN I)(SOPA LA R INI)(SOPA L A RINI))
((SOPA LARIN I)(SOPA LAR INI)(SOPA LA RINI)(SOPA L ARINI))
((SOPA LAR IN I)(SOPA LA R INI)(SOPA L A RINI))
((SORGULA YIN))
((SORUN UN U))
((SORUN UN U))
((SORUN UN UN))
((SORUN UN UN))
((SOYADI YLA))
((SOYKIRIM IN))
((SOYKIRIM IN))
((SOYKIRIM IN IN)(SOYKIRIM I NIN))
((SOYKIRIM IN IN)(SOYKIRIM I NIN))
((SOYKIRIM IN IN)(SOYKIRIM I NIN))
((SOĞUKKANLILIĞ INIZ I)(SOĞUKKANLILIĞ INI ZI)(SOĞUKKANLILIĞ IN IZI))
((STOK UN))
((STOK UN))
((STRATEJİ Sİ NİN)(STRATEJİ S İNİN))
((STRATEJİSİ N İN))
((SULANDIRIL MA MIŞ)(SULANDIRIL MAMI Ş)(SULANDIRIL M AMIŞ))
((SUN MUŞ))
((SUNUM LA))
((SUNU M LA))
((SUNUM U))
((SUNU M U))
((SUNUM U))
((SUS A))
((SÖNDÜRME YE))
((SÖN ME))
((SÖZ LER İMİZ)(SÖZ LERİ MİZ)(SÖZ LE RİMİZ)(SÖZ L ERİMİZ))
((SÖZLEŞME Sİ YLE)(SÖZLEŞME S İYLE))
((SÖZLÜK LER İN DE)(SÖZLÜK LE R İNDE)(SÖZLÜK L E RİNDE)(SÖZLÜK LE RİND E)(SÖZLÜK L ERİND E))
((SÖZLÜK LERİN DE)(SÖZLÜK LER İNDE)(SÖZLÜK LE RİNDE)(SÖZLÜK LERİND E)(SÖZLÜK L ERİNDE))
((SÖZLÜK LER İN DE)(SÖZLÜK LE R İNDE)(SÖZLÜK L E RİNDE)(SÖZLÜK LE RİND E)(SÖZLÜK L ERİND E))
((SÖZ ÜMÜZÜ N)(SÖZ ÜMÜZ ÜN)(SÖZ Ü MÜZÜN)(SÖZ ÜMÜ ZÜN)(SÖZ ÜM ÜZÜN))
((SÜRDÜR ECEK LER DİR)(SÜRDÜR ECEK LE RDİR)(SÜRDÜR ECEK L ERDİR)(SÜRDÜR ECE K LERDİR)(SÜRDÜR E CE KLERDİR))
((SÜRE M İ))
((SÜRESİZ DİR))
((SÜRPRİZ LER E)(SÜRPRİZ LE RE)(SÜRPRİZ L ERE))
((SÜRPRİZ LER İN DEN)(SÜRPRİZ LER İ NDEN)(SÜRPRİZ LE R İNDEN)(SÜRPRİZ LERİN D EN)(SÜRPRİZ L E RİNDEN))
((SÜRPRİZ LERİN DEN)(SÜRPRİZ LER İNDEN)(SÜRPRİZ LERİ NDEN)(SÜRPRİZ LE RİNDEN)(SÜRPRİZ LERİND EN))
((SÜRPRİZ LER İN DEN)(SÜRPRİZ LER İ NDEN)(SÜRPRİZ LE R İNDEN)(SÜRPRİZ LERİN D EN)(SÜRPRİZ L E RİNDEN))
((SÜRPRİZ İN))
((SÜRPRİZ İN))
((SÜRÜKLE MELİ))
((SÜTUN LAR A)(SÜTUN L ARA))
((SİMİT LER İN)(SİMİT LE RİN)(SİMİT L ERİN))
((SİMİT LER İN)(SİMİT LE RİN)(SİMİT L ERİN))
((SİPARİŞ LER İNİZ)(SİPARİŞ LERİ NİZ)(SİPARİŞ LE RİNİZ)(SİPARİŞ L ERİNİZ))
((TAK ACAK))
((TAKSİD İ))
((TAKSİD İ))
((TALİMAT LAR IN I)(TALİMAT LA R INI)(TALİMAT L A RINI))
((TALİMAT LARIN I)(TALİMAT LAR INI)(TALİMAT LA RINI)(TALİMAT L ARINI))
((TALİMAT LAR IN I)(TALİMAT LA R INI)(TALİMAT L A RINI))
((TAMİR İN DE)(TAMİR İND E))
((TAMİR İN DE)(TAMİR İND E))
((TAMİR İN E))
((TAMİR İN E))
((TANI R LAR)(TANI RL AR))
((TARA MIŞ))
((TARLA LAR))
((TASFİYE DEN))
((TECRÜBE LER İYLE)(TECRÜBE LERİ YLE)(TECRÜBE LE RİYLE)(TECRÜBE LERİY LE)(TECRÜBE L ERİYLE))
((TECRÜBE LER İ YLE)(TECRÜBE L E RİYLE)(TECRÜBE L ERİY LE))
((TEDARİKÇİ Sİ))
((TEHLİKELİ DİR))
((TEHLİKE NİN))
((TEHLİKE N İN))
((TEKNE LER DEN)(TEKNE LE RDEN)(TEKNE L ERDEN))
((TEKNE SİN İ)(TEKNE S İNİ))
((TEKNOLOJİ LER İ)(TEKNOLOJİ L ERİ))
((TEKNOLOJİ LERİ))
((TEKNOLOJİ LER İ)(TEKNOLOJİ L ERİ))
((TEKRARLAN MA LIDIR)(TEKRARLAN MAL IDIR)(TEKRARLAN MALID IR)(TEKRARLAN M ALIDIR))
((TEKRAR LAR DAN)(TEKRAR LA RDAN)(TEKRAR L ARDAN))
((TEKSTİL İN İN)(TEKSTİL İ NİN))
((TEKSTİL İN İN)(TEKSTİL İ NİN))
((TEMA DA))
((TEMEL İN DEN)(TEMEL İND EN))
((TEMEL İN DEN)(TEMEL İND EN))
((TEMPO YU))
((TEMİZLEN SİN))
((TERCİH LER İN DE)(TERCİH LE R İNDE)(TERCİH L E RİNDE)(TERCİH LE RİND E)(TERCİH L ERİND E))
((TERCİH LERİN DE)(TERCİH LER İNDE)(TERCİH LE RİNDE)(TERCİH LERİND E)(TERCİH L ERİNDE))
((TERCİH LER İN DE)(TERCİH LE R İNDE)(TERCİH L E RİNDE)(TERCİH LE RİND E)(TERCİH L ERİND E))
((TERCİHİM Dİ R))
((TERMİNAL İN E))
((TERMİNAL İN E))
((TERTİBAT IN))
((TERTİBAT IN))
((TESADÜF LER İN)(TESADÜF LE RİN)(TESADÜF L ERİN))
((TESADÜF LER İN)(TESADÜF LE RİN)(TESADÜF L ERİN))
((TEŞVİK LER İYLE)(TEŞVİK LERİ YLE)(TEŞVİK LE RİYLE)(TEŞVİK LERİY LE)(TEŞVİK L ERİYLE))
((TEŞVİK LER İ YLE)(TEŞVİK L E RİYLE)(TEŞVİK L ERİY LE))
((TIKA MAKTA))
((TIR LAR))
((TOPLAN A MADI)(TOPLAN AM ADI))
((TOPLAN MIŞ LAR DI)(TOPLAN MIŞ LA RDI)(TOPLAN M IŞ LARDI)(TOPLAN MIŞ L ARDI)(TOPLAN MI ŞL ARDI))
((TORUN LAR IN I)(TORUN LA R INI)(TORUN L A RINI))
((TORUN LARIN I)(TORUN LAR INI)(TORUN LA RINI)(TORUN L ARINI))
((TORUN LAR IN I)(TORUN LA R INI)(TORUN L A RINI))
((TRAJEDİ LER E)(TRAJEDİ LE RE)(TRAJEDİ L ERE))
((TRAJEDİ LER İ)(TRAJEDİ L ERİ))
((TRAJEDİ LERİ))
((TRAJEDİ LER İ)(TRAJEDİ L ERİ))
((TRAJEDİ SİN E)(TRAJEDİ S İNE))
((TUTUL DU LAR)(TUTUL D ULAR))
((TUTUL MA))
((TUTUL MALI))
((TUVAL İ))
((TUVAL İ))
((TÖREN LER LE)(TÖREN LE RLE)(TÖREN L ERLE))
((TÖREN İN DE)(TÖREN İND E))
((TÖREN İN DE)(TÖREN İND E))
((TÖREN İN DEN)(TÖREN İND EN))
((TÖREN İN DEN)(TÖREN İND EN))
((TÜFEĞ İMİZ))
((TÜKEN ECEK))
((TÜRKİYELİ LER))
((TÜRKİYE MİZ DE)(TÜRKİYE Mİ ZDE)(TÜRKİYE M İZDE))
((TÜR ÜDÜR))
((TÜR ÜN Ü))
((TÜR ÜN Ü))
((TİCARET İMİZ İ)(TİCARET İ MİZİ)(TİCARET İMİ Zİ)(TİCARET İM İZİ))
((TİTRİ YOR))
((TİYATRO LAR DA)(TİYATRO L ARDA))
((TİYATRO SUN A)(TİYATRO S UNA))
((UMUTLAN DIRDI))
((UMUT LAR IN)(UMUT LA RIN)(UMUT L ARIN))
((UMUT LAR IN)(UMUT LA RIN)(UMUT L ARIN))
((UNSUR LARIN A)(UNSUR LAR INA)(UNSUR LA RINA)(UNSUR L ARINA))
((UNSUR LAR IN A)(UNSUR LA R INA)(UNSUR L A RINA))
((UNVAN LAR IYLA)(UNVAN LA RIYLA)(UNVAN L ARIYLA))
((UNVAN LAR I YLA)(UNVAN LA R IYLA)(UNVAN L A RIYLA)(UNVAN L ARIY LA))
((UZA MIŞ))
((UZAY IN DA)(UZAY IND A))
((UZAY IN DA)(UZAY IND A))
((UZV UN U))
((UZV UN U))
((UĞRA DI K))
((UĞRA R SA))
((VAHŞET LER İ)(VAHŞET L ERİ))
((VAHŞET LERİ))
((VAHŞET LER İ)(VAHŞET L ERİ))
((VAR ACAK TIR)(VAR A CAKTIR)(VAR AC AKTIR))
((VARİS LER DEN)(VARİS LE RDEN)(VARİS L ERDEN))
((VASİYETNAME DEN))
((VATANDAŞ LAR IN)(VATANDAŞ LA RIN)(VATANDAŞ L ARIN))
((VATANDAŞ LAR IN)(VATANDAŞ LA RIN)(VATANDAŞ L ARIN))
((VAZGEÇ MİŞ TİR)(VAZGEÇ MİŞTİ R)(VAZGEÇ M İŞTİR)(VAZGEÇ Mİ ŞTİR))
((VAZGEÇ Tİ N)(VAZGEÇ T İN))
((VEKİL İN İ))
((VEKİL İN İ))
((VERGİ SİN İ)(VERGİ S İNİ))
((VER M E SEYDİ M)(VER M E SEY DİM)(VER M E S EYDİM))
((VERİ LER İNİZ İ)(VERİ LERİ NİZ İ)(VERİ LE R İNİZİ)(VERİ LERİN İ Zİ)(VERİ LER İNİ Zİ))
((VERİTABAN LAR IYLA)(VERİTABAN LA RIYLA)(VERİTABAN L ARIYLA))
((VERITABAN LAR I YLA)(VERITABAN LA R IYLA)(VERITABAN L A RIYLA)(VERITABAN L ARIY LA))
((VİTAMİN LER İYLE)(VİTAMİN LERİ YLE)(VİTAMİN LE RİYLE)(VİTAMİN LERİY LE)(VİTAMİN L ERİYLE))
((VİTAMİN LER İ YLE)(VİTAMİN L E RİYLE)(VİTAMİN L ERİY LE))
((YAKAN IZ DA)(YAKAN I ZDA))
((YAKIN LAR INIZ LA)(YAKIN LARI NIZ LA)(YAKIN LAR I NIZLA)(YAKIN LA R INIZLA)(YAKIN L A RINIZLA))
((YAKINLAŞ T IĞI))
((YAKIT IN A))
((YAKIT IN A))
((YAKIT I YLA))
((YAKIT LAR I)(YAKIT L ARI))
((YAKIT LARI))
((YAKIT LAR I)(YAKIT L ARI))
((YAKIT TA))
((YAK TI N)(YAK T IN))
((YANDA YSA))
((YANGIN LA))
((YANKILAN DI))
((YANLIŞ LAR I)(YANLIŞ L ARI))
((YANLIŞ LARI))
((YANLIŞ LAR I)(YANLIŞ L ARI))
((YANLIŞ LAR INIZ I)(YANLIŞ LAR I NIZI)(YANLIŞ LA R INIZI)(YANLIŞ LAR INI ZI)(YANLIŞ LA RINI ZI))
((YANLIŞ TAN))
((YAPILANMA DAN))
((YAPIM IN))
((YAPIM I N))
((YAPIM IN))
((YAPIT LAR DAN)(YAPIT LA RDAN)(YAPIT L ARDAN))
((YAP TI K))
((YAPTIRIM DA))
((YAPTIRIM LAR DAN)(YAPTIRIM LA RDAN)(YAPTIRIM L ARDAN))
((YAPTIRIM LAR I)(YAPTIRIM L ARI))
((YAPTIRIM LARI))
((YAPTIRIM LAR I)(YAPTIRIM L ARI))
((YAPTIRIM LAR LA)(YAPTIRIM LA RLA)(YAPTIRIM L ARLA))
((YARARLAN A MAYACAK)(YARARLAN AMAY ACAK)(YARARLAN AMAYAC AK)(YARARLAN AM AYACAK))
((YARA SA YDI)(YARA S AYDI))
((YARGI DAN))
((YARGI DIR))
((YARGILAN A MAZ LAR)(YARGILAN AMAZ L AR)(YARGILAN A MA ZLAR)(YARGILAN A M AZLAR))
((YARGILANMA SI))
((YARGITAY DIR))
((YARGITAY IN))
((YARGITAY IN))
((YARIŞ LAR))
((YASAKLANMA SI NIN)(YASAKLANMA S ININ))
((YASA SIN I)(YASA S INI))
((YAYGIN CA))
((YAYGINLAŞTIRMA NIN))
((YAYGINLAŞTIRMA N IN))
((YAZI MIZ A)(YAZI MI ZA)(YAZI M IZA))
((YAZIN IZ))
((YAZIN IZ))
((YAZMA YLA))
((YAŞANTI LAR IMIZ)(YAŞANTI LA RIMIZ)(YAŞANTI L ARIMIZ))
((YAŞANTI LAR IN A)(YAŞANTI LA R INA)(YAŞANTI L A RINA))
((YAŞANTI LARIN A)(YAŞANTI LAR INA)(YAŞANTI LA RINA)(YAŞANTI L ARINA))
((YAŞANTI LAR IN A)(YAŞANTI LA R INA)(YAŞANTI L A RINA))
((YAŞANTI M DAN)(YAŞANTI MDA N)(YAŞANTI MD AN))
((YAŞLI LAR))
((YAŞLI SI YLA)(YAŞLI S IYLA))
((YELTEN Dİ))
((YEMEKHANE Sİ))
((YENİLEN ME))
((YENİLİK TİR))
((YE R DİM)(YE RDİ M)(YE RD İM))
((YERKÜRE DE))
((YERİNE DE))
((YER İNİZ))
((YER İNİZ))
((YETKİ LER İMİZ)(YETKİ LERİ MİZ)(YETKİ LE RİMİZ)(YETKİ L ERİMİZ))
((YETKİ LER İN E)(YETKİ LE R İNE)(YETKİ L E RİNE))
((YETKİ LERİN E)(YETKİ LER İNE)(YETKİ LERİ NE)(YETKİ LE RİNE)(YETKİ L ERİNE))
((YETKİ LER İN E)(YETKİ LE R İNE)(YETKİ L E RİNE))
((YETKİLİ LER LE)(YETKİLİ LE RLE)(YETKİLİ L ERLE))
((YETKİ MİZ İ)(YETKİ Mİ Zİ)(YETKİ M İZİ))
((YETMİŞ İN))
((YETMİŞ İN))
((YOKLUĞ UN U))
((YOKLUĞ UN U))
((YUGOSLAV LAR))
((YUNANLI LAR DAN)(YUNANLI LA RDAN)(YUNANLI L ARDAN))
((YURTSEVER İ))
((YURTSEVER İ))
((YURTTAŞ LAR IMIZ A)(YURTTAŞ LA R IMIZA)(YURTTAŞ LARI MI ZA)(YURTTAŞ L A RIMIZA)(YURTTAŞ L ARI MIZA))
((YUT TU M))
((YUVA DAN))
((YUVA LARI DIR)(YUVA LAR IDIR)(YUVA LA RIDIR)(YUVA L ARIDIR))
((YÖNEL MEKTE DİR)(YÖNEL MEK TEDİR)(YÖNEL MEKT EDİR)(YÖNEL ME KTEDİR)(YÖNEL M EKTEDİR))
((YÖNET İR LER)(YÖNET İ RLER)(YÖNET İRL ER))
((YÖNLENDİRME LER İN İ)(YÖNLENDİRME LE R İNİ)(YÖNLENDİRME L E RİNİ))
((YÖNLENDİRME LERİN İ)(YÖNLENDİRME LER İNİ)(YÖNLENDİRME LE RİNİ)(YÖNLENDİRME L ERİNİ))
((YÖNLENDİRME LER İN İ)(YÖNLENDİRME LE R İNİ)(YÖNLENDİRME L E RİNİ))
((YÖNLENDİR İN))
((YÜKSEK LER DEN)(YÜKSEK LE RDEN)(YÜKSEK L ERDEN))
((YÜKSEKLİĞ İN İN)(YÜKSEKLİĞ İ NİN))
((YÜKSEKLİĞ İN İN)(YÜKSEKLİĞ İ NİN))
((YÜZYIL IMIZ IN)(YÜZYIL IMI ZIN)(YÜZYIL IM IZIN))
((ZARF IN IN)(ZARF I NIN))
((ZARF IN IN)(ZARF I NIN))
((ZARF LAR A)(ZARF L ARA))
((ZEMİN DE))
((ZEVK LER LE)(ZEVK LE RLE)(ZEVK L ERLE))
((ZİHNİYET LER İN)(ZİHNİYET LE RİN)(ZİHNİYET L ERİN))
((ZİHNİYET LER İN)(ZİHNİYET LE RİN)(ZİHNİYET L ERİN))
((ZİHNİYET İN İN)(ZİHNİYET İ NİN))
((ZİHNİYET İN İN)(ZİHNİYET İ NİN))
((ZİNCİR İ YLE))
((ÇABA LARI M IN)(ÇABA LAR IM IN)(ÇABA L A RIMIN))
((ÇAL DI LAR)(ÇAL D ILAR)(ÇAL DIL AR))
((ÇALGI LAR LA)(ÇALGI LA RLA)(ÇALGI L ARLA))
((ÇALIŞ I YORSUNUZ)(ÇALIŞ IYOR SUNUZ)(ÇALIŞ IYO RSUNUZ)(ÇALIŞ IY ORSUNUZ))
((ÇALIŞ IYOR UM)(ÇALIŞ IYO RUM)(ÇALIŞ IY ORUM))
((ÇAM LAR LA)(ÇAM LA RLA)(ÇAM L ARLA))
((ÇARP AR LAR)(ÇARP A RLAR)(ÇARP ARL AR))
((ÇARPITMA YA))
((ÇARPMA SI NIN)(ÇARPMA S ININ))
((ÇAĞLAYAN LAR I)(ÇAĞLAYAN L ARI))
((ÇAĞLAYAN LARI))
((ÇAĞLAYAN LAR I)(ÇAĞLAYAN L ARI))
((ÇEKİL ELİ M)(ÇEKİL EL İM))
((ÇIKARIMLA R))
((ÇIKARIM LAR))
((ÇIKARMASI YDI))
((ÇIKAR SA NIZ)(ÇIKAR SANI Z)(ÇIKAR S ANIZ))
((ÇIK A R SANIZ)(ÇIK AR SAN IZ)(ÇIK A RSAN IZ)(ÇIK ARSA NI Z)(ÇIK ARS A NIZ))
((ÇIKAR SA NIZ)(ÇIKAR SANI Z)(ÇIKAR S ANIZ))
((ÇIKMAZ IN A))
((ÇIKMAZ IN A))
((ÇOĞALTIM I))
((ÇOĞALTIM I))
((ÇÖL Ü))
((ÇÖL Ü))
((ÇÖPLÜĞ ÜN DE)(ÇÖPLÜĞ ÜND E))
((ÇÖPLÜĞ ÜN DE)(ÇÖPLÜĞ ÜND E))
((ÇÖZÜM Ü))
((ÇÖZÜM Ü))
((ÇİLİNGİR İN))
((ÇİLİNGİR İN))
((ÇİMENTOLA R))
((ÇİMENTO LAR))
((ÇİZGİ DEN))
((ÇİZGİ M))
((ÇİZGİ SİN DEN)(ÇİZGİ Sİ NDEN)(ÇİZGİ S İNDEN)(ÇİZGİ SİND EN))
((ÖDE MEZ LE R SE)(ÖDE ME Z LE RSE)(ÖDE M E Z LERSE))
((ÖDENTİ LER İN)(ÖDENTİ LE RİN)(ÖDENTİ L ERİN))
((ÖDENTİ LER İN)(ÖDENTİ LE RİN)(ÖDENTİ L ERİN))
((ÖDENTİ LER İN İN)(ÖDENTİ LER İ NİN)(ÖDENTİ LE R İNİN)(ÖDENTİ L E RİNİN))
((ÖDENTİ LER İNİN)(ÖDENTİ LE RİNİN)(ÖDENTİ L ERİNİN))
((ÖDENTİ LER İN İN)(ÖDENTİ LER İ NİN)(ÖDENTİ LE R İNİN)(ÖDENTİ L E RİNİN))
((ÖDE R İZ))
((ÖFKELEN MİŞ Tİ)(ÖFKELEN M İŞTİ)(ÖFKELEN Mİ ŞTİ))
((ÖLDÜR ÜNÜZ))
((ÖLDÜR ÜR LER Dİ)(ÖLDÜR Ü RLER Dİ)(ÖLDÜR ÜR L ERDİ)(ÖLDÜR Ü RL ERDİ))
((ÖL ECEK MİŞ)(ÖL ECEKM İŞ)(ÖL E CEKMİŞ)(ÖL EC EKMİŞ))
((ÖLÇEĞ İN E))
((ÖNDER LER İ)(ÖNDER L ERİ))
((ÖNDER LERİ))
((ÖNDER LER İ)(ÖNDER L ERİ))
((ÖNEMSE MELİ))
((ÖNEMSE ME LİYİZ)(ÖNEMSE MEL İYİZ)(ÖNEMSE M ELİYİZ))
((ÖNLEM LER DE)(ÖNLEM L ERDE))
((ÖNLEM LER DEN)(ÖNLEM LE RDEN)(ÖNLEM L ERDEN))
((ÖNLEM LER İN İN)(ÖNLEM LER İ NİN)(ÖNLEM LE R İNİN)(ÖNLEM L E RİNİN))
((ÖNLEM LER İNİN)(ÖNLEM LE RİNİN)(ÖNLEM L ERİNİN))
((ÖNLEM LER İN İN)(ÖNLEM LER İ NİN)(ÖNLEM LE R İNİN)(ÖNLEM L E RİNİN))
((ÖNLEM İ DİR)(ÖNLEM İD İR))
((ÖRGÜTLENME LER E)(ÖRGÜTLENME LE RE)(ÖRGÜTLENME L ERE))
((ÖRGÜTLÜLÜĞ ÜN))
((ÖRGÜTLÜLÜĞ ÜN))
((ÖR ME))
((ÖRNEK Tİ))
((ÖVEÇ LER))
((ÖZET LE))
((ÖZGÜRLÜĞ ÜM Ü))
((ÖĞRENCİ DE))
((ÖĞRET ME MİŞ)(ÖĞRET MEMİ Ş)(ÖĞRET M EMİŞ))
((ÜCRET İM İ))
((ÜCRET İN İ))
((ÜCRET İN İ))
((ÜNLEN MİŞ))
((ÜNLEN MİŞ TİR)(ÜNLEN MİŞTİ R)(ÜNLEN M İŞTİR)(ÜNLEN Mİ ŞTİR))
((ÜNIVERSİTE LER İN)(ÜNIVERSİTE LE RİN)(ÜNIVERSİTE L ERİN))
((ÜNIVERSİTE LER İN)(ÜNIVERSİTE LE RİN)(ÜNIVERSİTE L ERİN))
((ÜRE Dİ))
((ÜRET MEKTE LER)(ÜRET MEK TELER)(ÜRET MEKT ELER)(ÜRET ME KTELER)(ÜRET M EKTELER))
((ÜRÜN LER LE)(ÜRÜN LE RLE)(ÜRÜN L ERLE))
((ÜRÜN LER İMİZ DEN)(ÜRÜN LERİ MİZ DEN)(ÜRÜN LER İMİZDE N)(ÜRÜN LER İ MİZDEN)(ÜRÜN LE R İMİZDEN))
((ÜRÜN LER İNİZ)(ÜRÜN LERİ NİZ)(ÜRÜN LE RİNİZ)(ÜRÜN L ERİNİZ))
((ÜSLUB A))
((ÜSLUB UN UN))
((ÜSLUB UN UN))
((ÜYELİĞ İ))
((ÜYELİĞ İ))
((ÜZÜL MÜYOR U M)(ÜZÜL M Ü YORUM)(ÜZÜL MÜ YO RUM)(ÜZÜL M ÜYO RUM)(ÜZÜL MÜ Y ORUM))
((ÜÇÜNCÜ SÜNÜ N)(ÜÇÜNCÜ SÜN ÜN)(ÜÇÜNCÜ SÜ NÜN)(ÜÇÜNCÜ S ÜNÜN))
((ŞAFT LAR I)(ŞAFT L ARI))
((ŞAFT LARI))
((ŞAFT LAR I)(ŞAFT L ARI))
((ŞART SA))
((ŞAİR LER İN DEN)(ŞAİR LER İ NDEN)(ŞAİR LE R İNDEN)(ŞAİR LERİN D EN)(ŞAİR L E RİNDEN))
((ŞAİR LERİN DEN)(ŞAİR LER İNDEN)(ŞAİR LERİ NDEN)(ŞAİR LE RİNDEN)(ŞAİR LERİND EN))
((ŞAİR LER İN DEN)(ŞAİR LER İ NDEN)(ŞAİR LE R İNDEN)(ŞAİR LERİN D EN)(ŞAİR L E RİNDEN))
((ŞAİRLİĞ E))
((İBADET İN E))
((İBADET İN E))
((İCMAL LER İ)(İCMAL L ERİ))
((İCMAL LERİ))
((İCMAL LER İ)(İCMAL L ERİ))
((İCMAL İ))
((İCMAL İ))
((İDDİA LAR IN DA)(İDDİA LA R INDA)(İDDİA L A RINDA)(İDDİA LA RIND A)(İDDİA L ARIND A))
((İDDİA LARIN DA)(İDDİA LAR INDA)(İDDİA LA RINDA)(İDDİA L ARINDA)(İDDİA LARIND A))
((İDDİA LAR IN DA)(İDDİA LA R INDA)(İDDİA L A RINDA)(İDDİA LA RIND A)(İDDİA L ARIND A))
((ŞEF LER İN DEN)(ŞEF LER İ NDEN)(ŞEF LE R İNDEN)(ŞEF LERİN D EN)(ŞEF L E RİNDEN))
((ŞEF LERİN DEN)(ŞEF LER İNDEN)(ŞEF LERİ NDEN)(ŞEF LE RİNDEN)(ŞEF LERİND EN))
((ŞEF LER İN DEN)(ŞEF LER İ NDEN)(ŞEF LE R İNDEN)(ŞEF LERİN D EN)(ŞEF L E RİNDEN))
((ŞEKLİ N DEN)(ŞEKLİ ND EN))
((ŞEKLİ N DEN)(ŞEKLİ ND EN))
((ŞEKİLLEDİRİLME ESİ))
((ŞEKİLLENME Sİ))
((ŞEY LER DE)(ŞEY L ERDE))
((ŞEY İN E))
((ŞEY İN E))
((İHTİLAL LER))
((İHTİLAL İN İ))
((İHTİLAL İN İ))
((İHTİYAÇ LAR IMIZ A)(İHTİYAÇ LA R IMIZA)(İHTİYAÇ LARI MI ZA)(İHTİYAÇ L A RIMIZA)(İHTİYAÇ L ARI MIZA))
((İLERLİ YOR DU K)(İLERLİ YO R DUK)(İLERLİ Y ORD UK))
((İLGİLEN Dİ K))
((İLGİLENDİK LER İN İ)(İLGİLENDİK LE R İNİ)(İLGİLENDİK L E RİNİ))
((İLGİLENDİK LER İN İ)(İLGİLENDİK LE R İNİ)(İLGİLENDİK L E RİNİ))
((İLGİLENME NİN))
((İLGİLENME N İN))
((İLGİLİ LER LE)(İLGİLİ LE RLE)(İLGİLİ L ERLE))
((İLGİLİ YİM))
((İL LER))
((İL LER LE)(İL LE RLE)(İL L ERLE))
((İLİM LER LE)(İLİM LE RLE)(İLİM L ERLE))
((İMPARATORLUK LAR IN I)(İMPARATORLUK LA R INI)(İMPARATORLUK L A RINI))
((İMPARATOR LUK LARINI)(İMPARATOR LUKLAR INI)(İMPARATOR LUKL ARINI)(İMPARATOR LU KLARINI)(İMPARATOR L UKLARINI))
((İMPARATOR LUK LARIN I)(İMPARATOR LUK LAR INI)(İMPARATOR LU K LARINI)(İMPARATOR LUK L ARINI)(İMPARATOR LU KL ARINI))
((İMZALA MIŞ LAR DI)(İMZALA MIŞ LA RDI)(İMZALA M IŞ LARDI)(İMZALA MIŞ L ARDI)(İMZALA MI ŞL ARDI))
((İNAN M A MIŞTIR)(İNAN MA MIŞ TIR)(İNAN MAMIŞ T IR)(İNAN MA M IŞTIR)(İNAN MAMI Ş TIR))
((İNSAN IMIZ I)(İNSAN IMI ZI)(İNSAN IM IZI))
((İRADE Sİ YLE)(İRADE S İYLE))
((İRDELE YİN))
((İSTANBULLU LAR))
((İSTANBUL UN))
((İSTANBUL UN))
((İSTE ME M))
((İSTE R Dİ N))
((İSTE SE LER)(İSTE S ELER))
((İSTE YECEK LER)(İSTE Y ECEKLER)(İSTE YE CEKLER))
((İSTEĞ İN DİR)(İSTEĞ İ NDİR)(İSTEĞ İND İR))
((İSTEĞ İ DİR)(İSTEĞ İD İR))
((İSTİKAMET TE DİR)(İSTİKAMET TED İR))
((İTHAL İN DEN)(İTHAL İND EN))
((İTHAL İN DEN)(İTHAL İND EN))
((ŞUBE LER DEN)(ŞUBE LE RDEN)(ŞUBE L ERDEN))
((İYİLEŞME YLE))
((İZAH IN IN)(İZAH I NIN))
((İZAH IN IN)(İZAH I NIN))
((İZLEN E MİYOR)(İZLEN EM İYOR)(İZLEN EMİ YOR)(İZLEN EMİY OR))
((İZ LERİ DİR)(İZ LER İDİR)(İZ LE RİDİR)(İZ L ERİDİR))
((İZİN DİR))
((İÇERİK LE))
((İÇERİK LER DEN)(İÇERİK LE RDEN)(İÇERİK L ERDEN))
((İÇERİKLİ DİR))
((İÇKİ LER E)(İÇKİ LE RE)(İÇKİ L ERE))
((İÇKİN DİR))
((İÇSELLEŞTİR İR))
((İÇ İN DE)(İÇ İND E))
((İÇ İN DE)(İÇ İND E))
((İÇ İNİZ DE)(İÇ İ NİZDE)(İÇ İNİ ZDE)(İÇ İN İZDE))
((İŞARET LER İN)(İŞARET LE RİN)(İŞARET L ERİN))
((İŞARET LER İN)(İŞARET LE RİN)(İŞARET L ERİN))
((İŞLETMECİLİĞ İN İ))
((İŞLETMECİLİĞ İN İ))
((ŞİRKETLEŞ MİŞ))
)